Info: *******************************************************************
Info: Running Quartus Prime Shell
    Info: Version 17.1.0 Build 590 10/25/2017 SJ Lite Edition
    Info: Copyright (C) 2017  Intel Corporation. All rights reserved.
    Info: Your use of Intel Corporation's design tools, logic functions 
    Info: and other software and tools, and its AMPP partner logic 
    Info: functions, and any output files from any of the foregoing 
    Info: (including device programming or simulation files), and any 
    Info: associated documentation or information are expressly subject 
    Info: to the terms and conditions of the Intel Program License 
    Info: Subscription Agreement, the Intel Quartus Prime License Agreement,
    Info: the Intel FPGA IP License Agreement, or other applicable license
    Info: agreement, including, without limitation, that your use is for
    Info: the sole purpose of programming logic devices manufactured by
    Info: Intel and sold by Intel or its authorized distributors.  Please
    Info: refer to the applicable agreement for further details.
    Info: Processing started: Thu Oct 21 13:36:28 2021
Info: Command: quartus_sh -t ..//DeMiSTify/Scripts/compile.tcl -project laser500 -board neptuno
Info: Quartus(args): -project laser500 -board neptuno
Project: laser500_neptuno
Target: neptuno
Info: *******************************************************************
Info: Running Quartus Prime Shell
    Info: Version 17.1.0 Build 590 10/25/2017 SJ Lite Edition
    Info: Processing started: Thu Oct 21 13:36:29 2021
Info: Command: quartus_sh -t .././build_id.tcl compile laser500_neptuno laser500_neptuno
Info: Quartus(args): compile laser500_neptuno laser500_neptuno
Info: Generated build identification Verilog module: /home/user/Laser500_MiST/neptuno/build_id.v
Info: Date:             211021
Info: Time:             133629
Info (23030): Evaluation of Tcl script .././build_id.tcl was successful
Info: Quartus Prime Shell was successful. 0 errors, 0 warnings
    Info: Peak virtual memory: 757 megabytes
    Info: Processing ended: Thu Oct 21 13:36:29 2021
    Info: Elapsed time: 00:00:00
    Info: Total CPU time (on all processors): 00:00:00
Info (293003): Smart recompilation skipped module Analysis & Synthesis because it is not required
Info (293003): Smart recompilation skipped module Fitter because it is not required
Info (293003): Smart recompilation skipped module Assembler because it is not required
Info (293026): Skipped module Power Analyzer due to the assignment FLOW_ENABLE_POWER_ANALYZER
Info (293003): Smart recompilation skipped module TimeQuest Timing Analyzer because it is not required
Info (18207): Some modules have been skipped due to smart recompilation. You can turn off smart recompilation under Compilation Process Settings in the Settings dialog to fully recompile your design
Info (293000): Quartus Prime Full Compilation was successful. 0 errors, 0 warnings
Info (23030): Evaluation of Tcl script ..//DeMiSTify/Scripts/compile.tcl was successful
Info: Quartus Prime Shell was successful. 0 errors, 0 warnings
    Info: Peak virtual memory: 803 megabytes
    Info: Processing ended: Thu Oct 21 13:36:29 2021
    Info: Elapsed time: 00:00:01
    Info: Total CPU time (on all processors): 00:00:01
